Flow report for projeto
Wed Jan 31 15:41:44 2018
Quartus II Version 9.0 Build 132 02/25/2009 SJ Web Edition


---------------------
; Table of Contents ;
---------------------
  1. Legal Notice
  2. Flow Summary
  3. Flow Settings
  4. Flow Non-Default Global Settings
  5. Flow Elapsed Time
  6. Flow OS Summary
  7. Flow Log



----------------
; Legal Notice ;
----------------
Copyright (C) 1991-2009 Altera Corporation
Your use of Altera Corporation's design tools, logic functions 
and other software and tools, and its AMPP partner logic 
functions, and any output files from any of the foregoing 
(including device programming or simulation files), and any 
associated documentation or information are expressly subject 
to the terms and conditions of the Altera Program License 
Subscription Agreement, Altera MegaCore Function License 
Agreement, or other applicable license agreement, including, 
without limitation, that your use is for the sole purpose of 
programming logic devices manufactured by Altera and sold by 
Altera or its authorized distributors.  Please refer to the 
applicable agreement for further details.



+-------------------------------------------------------------------+
; Flow Summary                                                      ;
+-------------------------+-----------------------------------------+
; Flow Status             ; Successful - Wed Jan 31 15:41:44 2018   ;
; Quartus II Version      ; 9.0 Build 132 02/25/2009 SJ Web Edition ;
; Revision Name           ; projeto                                 ;
; Top-level Entity Name   ; projeto                                 ;
; Family                  ; ACEX1K                                  ;
; Device                  ; EP1K100QC208-3                          ;
; Timing Models           ; Final                                   ;
; Met timing requirements ; Yes                                     ;
; Total logic elements    ; 3 / 4,992 ( < 1 % )                     ;
; Total pins              ; 7 / 147 ( 5 % )                         ;
; Total memory bits       ; 0 / 49,152 ( 0 % )                      ;
; Total PLLs              ; 0                                       ;
+-------------------------+-----------------------------------------+


+-----------------------------------------+
; Flow Settings                           ;
+-------------------+---------------------+
; Option            ; Setting             ;
+-------------------+---------------------+
; Start date & time ; 01/31/2018 15:41:34 ;
; Main task         ; Compilation         ;
; Revision Name     ; projeto             ;
+-------------------+---------------------+


+-------------------------------------------------------------------------------------------------------------------------------------+
; Flow Non-Default Global Settings                                                                                                    ;
+------------------------------------+-------------------------------------------------+---------------+-------------+----------------+
; Assignment Name                    ; Value                                           ; Default Value ; Entity Name ; Section Id     ;
+------------------------------------+-------------------------------------------------+---------------+-------------+----------------+
; COMPILER_SIGNATURE_ID              ; 88750185252792.151742409407816                  ; --            ; --          ; --             ;
; MAX_CORE_JUNCTION_TEMP             ; 85                                              ; --            ; --          ; --             ;
; MIN_CORE_JUNCTION_TEMP             ; 0                                               ; --            ; --          ; --             ;
; MISC_FILE                          ; C:/Users/kzs/Desktop/cd/lab/projeto/projeto.dpf ; --            ; --          ; --             ;
; MISC_FILE                          ; C:/Users/kzs/Desktop/projeto/projeto.dpf        ; --            ; --          ; --             ;
; USE_GENERATED_PHYSICAL_CONSTRAINTS ; Off                                             ; --            ; --          ; eda_blast_fpga ;
+------------------------------------+-------------------------------------------------+---------------+-------------+----------------+


+-----------------------------------------------------------------------------------------------------------------------------+
; Flow Elapsed Time                                                                                                           ;
+-------------------------+--------------+-------------------------+---------------------+------------------------------------+
; Module Name             ; Elapsed Time ; Average Processors Used ; Peak Virtual Memory ; Total CPU Time (on all processors) ;
+-------------------------+--------------+-------------------------+---------------------+------------------------------------+
; Analysis & Synthesis    ; 00:00:01     ; 1.0                     ; 272 MB              ; 00:00:01                           ;
; Fitter                  ; 00:00:04     ; 1.0                     ; 269 MB              ; 00:00:04                           ;
; Assembler               ; 00:00:02     ; 1.0                     ; 261 MB              ; 00:00:02                           ;
; Classic Timing Analyzer ; 00:00:00     ; 1.0                     ; 221 MB              ; 00:00:00                           ;
; Total                   ; 00:00:07     ; --                      ; --                  ; 00:00:07                           ;
+-------------------------+--------------+-------------------------+---------------------+------------------------------------+


+------------------------------------------------------------------------------------------+
; Flow OS Summary                                                                          ;
+-------------------------+------------------+---------------+------------+----------------+
; Module Name             ; Machine Hostname ; OS Name       ; OS Version ; Processor type ;
+-------------------------+------------------+---------------+------------+----------------+
; Analysis & Synthesis    ; arch             ; Windows Vista ; 6.2        ; x86_64         ;
; Fitter                  ; arch             ; Windows Vista ; 6.2        ; x86_64         ;
; Assembler               ; arch             ; Windows Vista ; 6.2        ; x86_64         ;
; Classic Timing Analyzer ; arch             ; Windows Vista ; 6.2        ; x86_64         ;
+-------------------------+------------------+---------------+------------+----------------+


------------
; Flow Log ;
------------
quartus_map --read_settings_files=on --write_settings_files=off projeto -c projeto
quartus_fit --read_settings_files=off --write_settings_files=off projeto -c projeto
quartus_asm --read_settings_files=off --write_settings_files=off projeto -c projeto
quartus_tan --read_settings_files=off --write_settings_files=off projeto -c projeto



