Classic Timing Analyzer report for projeto
Wed Jan 31 15:41:44 2018
Quartus II Version 9.0 Build 132 02/25/2009 SJ Web Edition


---------------------
; Table of Contents ;
---------------------
  1. Legal Notice
  2. Timing Analyzer Summary
  3. Timing Analyzer Settings
  4. Clock Settings Summary
  5. Parallel Compilation
  6. tsu
  7. tco
  8. th
  9. Timing Analyzer Messages



----------------
; Legal Notice ;
----------------
Copyright (C) 1991-2009 Altera Corporation
Your use of Altera Corporation's design tools, logic functions 
and other software and tools, and its AMPP partner logic 
functions, and any output files from any of the foregoing 
(including device programming or simulation files), and any 
associated documentation or information are expressly subject 
to the terms and conditions of the Altera Program License 
Subscription Agreement, Altera MegaCore Function License 
Agreement, or other applicable license agreement, including, 
without limitation, that your use is for the sole purpose of 
programming logic devices manufactured by Altera and sold by 
Altera or its authorized distributors.  Please refer to the 
applicable agreement for further details.



+-----------------------------------------------------------------------------------------------------------------------------------------------------+
; Timing Analyzer Summary                                                                                                                             ;
+------------------------------+-------+---------------+-------------+--------------------+--------------------+------------+----------+--------------+
; Type                         ; Slack ; Required Time ; Actual Time ; From               ; To                 ; From Clock ; To Clock ; Failed Paths ;
+------------------------------+-------+---------------+-------------+--------------------+--------------------+------------+----------+--------------+
; Worst-case tsu               ; N/A   ; None          ; 7.500 ns    ; N0_BT1             ; maquina_3:inst3|M3 ; --         ; CLK      ; 0            ;
; Worst-case tco               ; N/A   ; None          ; 14.300 ns   ; maquina_3:inst3|M3 ; B_LED3             ; CLK        ; --       ; 0            ;
; Worst-case th                ; N/A   ; None          ; -5.600 ns   ; N2_BT3             ; maquina_3:inst3|M3 ; --         ; CLK      ; 0            ;
; Total number of failed paths ;       ;               ;             ;                    ;                    ;            ;          ; 0            ;
+------------------------------+-------+---------------+-------------+--------------------+--------------------+------------+----------+--------------+


+--------------------------------------------------------------------------------------------------------------------+
; Timing Analyzer Settings                                                                                           ;
+---------------------------------------------------------------------+--------------------+------+----+-------------+
; Option                                                              ; Setting            ; From ; To ; Entity Name ;
+---------------------------------------------------------------------+--------------------+------+----+-------------+
; Device Name                                                         ; EP1K100QC208-3     ;      ;    ;             ;
; Timing Models                                                       ; Final              ;      ;    ;             ;
; Default hold multicycle                                             ; Same as Multicycle ;      ;    ;             ;
; Cut paths between unrelated clock domains                           ; On                 ;      ;    ;             ;
; Cut off read during write signal paths                              ; On                 ;      ;    ;             ;
; Cut off feedback from I/O pins                                      ; On                 ;      ;    ;             ;
; Report Combined Fast/Slow Timing                                    ; Off                ;      ;    ;             ;
; Ignore Clock Settings                                               ; Off                ;      ;    ;             ;
; Analyze latches as synchronous elements                             ; On                 ;      ;    ;             ;
; Enable Recovery/Removal analysis                                    ; Off                ;      ;    ;             ;
; Enable Clock Latency                                                ; Off                ;      ;    ;             ;
; Use TimeQuest Timing Analyzer                                       ; Off                ;      ;    ;             ;
; Minimum Core Junction Temperature                                   ; 0                  ;      ;    ;             ;
; Maximum Core Junction Temperature                                   ; 85                 ;      ;    ;             ;
; Number of source nodes to report per destination node               ; 10                 ;      ;    ;             ;
; Number of destination nodes to report                               ; 10                 ;      ;    ;             ;
; Number of paths to report                                           ; 200                ;      ;    ;             ;
; Report Minimum Timing Checks                                        ; Off                ;      ;    ;             ;
; Use Fast Timing Models                                              ; Off                ;      ;    ;             ;
; Report IO Paths Separately                                          ; Off                ;      ;    ;             ;
; Perform Multicorner Analysis                                        ; Off                ;      ;    ;             ;
; Reports the worst-case path for each clock domain and analysis      ; Off                ;      ;    ;             ;
; Removes common clock path pessimism (CCPP) during slack computation ; Off                ;      ;    ;             ;
; Output I/O Timing Endpoint                                          ; Near End           ;      ;    ;             ;
+---------------------------------------------------------------------+--------------------+------+----+-------------+


+------------------------------------------------------------------------------------------------------------------------------------------------------------------------------------+
; Clock Settings Summary                                                                                                                                                             ;
+-----------------+--------------------+----------+------------------+---------------+--------------+----------+-----------------------+---------------------+--------+--------------+
; Clock Node Name ; Clock Setting Name ; Type     ; Fmax Requirement ; Early Latency ; Late Latency ; Based on ; Multiply Base Fmax by ; Divide Base Fmax by ; Offset ; Phase offset ;
+-----------------+--------------------+----------+------------------+---------------+--------------+----------+-----------------------+---------------------+--------+--------------+
; CLK             ;                    ; User Pin ; None             ; 0.000 ns      ; 0.000 ns     ; --       ; N/A                   ; N/A                 ; N/A    ;              ;
+-----------------+--------------------+----------+------------------+---------------+--------------+----------+-----------------------+---------------------+--------+--------------+


Parallel compilation was disabled, but you have multiple processors available. Enable parallel compilation to reduce compilation time.
+-------------------------------------+
; Parallel Compilation                ;
+----------------------------+--------+
; Processors                 ; Number ;
+----------------------------+--------+
; Number detected on machine ; 2      ;
; Maximum allowed            ; 1      ;
+----------------------------+--------+


+----------------------------------------------------------------------------+
; tsu                                                                        ;
+-------+--------------+------------+--------+--------------------+----------+
; Slack ; Required tsu ; Actual tsu ; From   ; To                 ; To Clock ;
+-------+--------------+------------+--------+--------------------+----------+
; N/A   ; None         ; 7.500 ns   ; N0_BT1 ; maquina_3:inst3|M3 ; CLK      ;
; N/A   ; None         ; 7.400 ns   ; N0_BT1 ; maquina_1:inst|M1  ; CLK      ;
; N/A   ; None         ; 7.300 ns   ; N1_BT2 ; maquina_2:inst1|M2 ; CLK      ;
; N/A   ; None         ; 7.200 ns   ; N2_BT3 ; maquina_3:inst3|M3 ; CLK      ;
+-------+--------------+------------+--------+--------------------+----------+


+------------------------------------------------------------------------------+
; tco                                                                          ;
+-------+--------------+------------+--------------------+--------+------------+
; Slack ; Required tco ; Actual tco ; From               ; To     ; From Clock ;
+-------+--------------+------------+--------------------+--------+------------+
; N/A   ; None         ; 14.300 ns  ; maquina_3:inst3|M3 ; B_LED3 ; CLK        ;
; N/A   ; None         ; 12.400 ns  ; maquina_2:inst1|M2 ; A_LED2 ; CLK        ;
; N/A   ; None         ; 12.300 ns  ; maquina_1:inst|M1  ; V_LED1 ; CLK        ;
+-------+--------------+------------+--------------------+--------+------------+


+----------------------------------------------------------------------------------+
; th                                                                               ;
+---------------+-------------+-----------+--------+--------------------+----------+
; Minimum Slack ; Required th ; Actual th ; From   ; To                 ; To Clock ;
+---------------+-------------+-----------+--------+--------------------+----------+
; N/A           ; None        ; -5.600 ns ; N2_BT3 ; maquina_3:inst3|M3 ; CLK      ;
; N/A           ; None        ; -5.700 ns ; N1_BT2 ; maquina_2:inst1|M2 ; CLK      ;
; N/A           ; None        ; -5.800 ns ; N0_BT1 ; maquina_1:inst|M1  ; CLK      ;
; N/A           ; None        ; -5.900 ns ; N0_BT1 ; maquina_3:inst3|M3 ; CLK      ;
+---------------+-------------+-----------+--------+--------------------+----------+


+--------------------------+
; Timing Analyzer Messages ;
+--------------------------+
Info: *******************************************************************
Info: Running Quartus II Classic Timing Analyzer
    Info: Version 9.0 Build 132 02/25/2009 SJ Web Edition
    Info: Processing started: Wed Jan 31 15:41:44 2018
Info: Command: quartus_tan --read_settings_files=off --write_settings_files=off projeto -c projeto
Info: Started post-fitting delay annotation
Info: Delay annotation completed successfully
Warning: Found pins functioning as undefined clocks and/or memory enables
    Info: Assuming node "CLK" is an undefined clock
Info: No valid register-to-register data paths exist for clock "CLK"
Info: tsu for register "maquina_3:inst3|M3" (data pin = "N0_BT1", clock pin = "CLK") is 7.500 ns
    Info: + Longest pin to register delay is 8.700 ns
        Info: 1: + IC(0.000 ns) + CELL(3.100 ns) = 3.100 ns; Loc. = PIN_87; Fanout = 2; PIN Node = 'N0_BT1'
        Info: 2: + IC(4.400 ns) + CELL(1.200 ns) = 8.700 ns; Loc. = LC7_F16; Fanout = 1; REG Node = 'maquina_3:inst3|M3'
        Info: Total cell delay = 4.300 ns ( 49.43 % )
        Info: Total interconnect delay = 4.400 ns ( 50.57 % )
    Info: + Micro setup delay of destination is 0.700 ns
    Info: - Shortest clock path from clock "CLK" to destination register is 1.900 ns
        Info: 1: + IC(0.000 ns) + CELL(0.500 ns) = 0.500 ns; Loc. = PIN_79; Fanout = 3; CLK Node = 'CLK'
        Info: 2: + IC(1.400 ns) + CELL(0.000 ns) = 1.900 ns; Loc. = LC7_F16; Fanout = 1; REG Node = 'maquina_3:inst3|M3'
        Info: Total cell delay = 0.500 ns ( 26.32 % )
        Info: Total interconnect delay = 1.400 ns ( 73.68 % )
Info: tco from clock "CLK" to destination pin "B_LED3" through register "maquina_3:inst3|M3" is 14.300 ns
    Info: + Longest clock path from clock "CLK" to source register is 1.900 ns
        Info: 1: + IC(0.000 ns) + CELL(0.500 ns) = 0.500 ns; Loc. = PIN_79; Fanout = 3; CLK Node = 'CLK'
        Info: 2: + IC(1.400 ns) + CELL(0.000 ns) = 1.900 ns; Loc. = LC7_F16; Fanout = 1; REG Node = 'maquina_3:inst3|M3'
        Info: Total cell delay = 0.500 ns ( 26.32 % )
        Info: Total interconnect delay = 1.400 ns ( 73.68 % )
    Info: + Micro clock to output delay of source is 1.100 ns
    Info: + Longest register to pin delay is 11.300 ns
        Info: 1: + IC(0.000 ns) + CELL(0.000 ns) = 0.000 ns; Loc. = LC7_F16; Fanout = 1; REG Node = 'maquina_3:inst3|M3'
        Info: 2: + IC(2.700 ns) + CELL(8.600 ns) = 11.300 ns; Loc. = PIN_133; Fanout = 0; PIN Node = 'B_LED3'
        Info: Total cell delay = 8.600 ns ( 76.11 % )
        Info: Total interconnect delay = 2.700 ns ( 23.89 % )
Info: th for register "maquina_3:inst3|M3" (data pin = "N2_BT3", clock pin = "CLK") is -5.600 ns
    Info: + Longest clock path from clock "CLK" to destination register is 1.900 ns
        Info: 1: + IC(0.000 ns) + CELL(0.500 ns) = 0.500 ns; Loc. = PIN_79; Fanout = 3; CLK Node = 'CLK'
        Info: 2: + IC(1.400 ns) + CELL(0.000 ns) = 1.900 ns; Loc. = LC7_F16; Fanout = 1; REG Node = 'maquina_3:inst3|M3'
        Info: Total cell delay = 0.500 ns ( 26.32 % )
        Info: Total interconnect delay = 1.400 ns ( 73.68 % )
    Info: + Micro hold delay of destination is 0.900 ns
    Info: - Shortest pin to register delay is 8.400 ns
        Info: 1: + IC(0.000 ns) + CELL(3.100 ns) = 3.100 ns; Loc. = PIN_92; Fanout = 1; PIN Node = 'N2_BT3'
        Info: 2: + IC(4.300 ns) + CELL(1.000 ns) = 8.400 ns; Loc. = LC7_F16; Fanout = 1; REG Node = 'maquina_3:inst3|M3'
        Info: Total cell delay = 4.100 ns ( 48.81 % )
        Info: Total interconnect delay = 4.300 ns ( 51.19 % )
Info: Quartus II Classic Timing Analyzer was successful. 0 errors, 1 warning
    Info: Peak virtual memory: 238 megabytes
    Info: Processing ended: Wed Jan 31 15:41:44 2018
    Info: Elapsed time: 00:00:00
    Info: Total CPU time (on all processors): 00:00:00


